<?xml version="1.0" encoding="UTF-8"?>
<testsuite name="com.databasetesting.DatabaseTesting" tests="1" skipped="0" failures="0" errors="0" timestamp="2021-05-24T14:52:17" hostname="DINNU" time="0.235">
  <properties/>
  <testcase name="test_WhenNewDataIs_InsertedIntoTable_OfDatabase" classname="com.databasetesting.DatabaseTesting" time="0.235"/>
  <system-out><![CDATA[]]></system-out>
  <system-err><![CDATA[]]></system-err>
</testsuite>
